SF:./lib\common\exception.dart
DA:6,4
LF:1
LH:1
end_of_record
SF:./lib\data\datasources\movie_local_data_source.dart
DA:16,1
DA:18,1
DA:21,2
DA:24,2
DA:28,1
DA:31,2
DA:34,2
DA:38,1
DA:40,2
DA:42,1
DA:48,1
DA:50,2
DA:51,3
DA:52,4
LF:14
LH:14
end_of_record
SF:./lib\data\models\genre_model.dart
DA:5,5
DA:13,8
DA:14,4
DA:15,4
DA:18,0
DA:19,0
DA:20,0
DA:23,1
DA:24,3
DA:27,3
DA:28,9
LF:11
LH:8
end_of_record
SF:./lib\data\models\movie_table.dart
DA:13,2
DA:20,2
DA:21,1
DA:22,1
DA:23,1
DA:24,1
DA:28,2
DA:29,1
DA:30,1
DA:31,1
DA:32,1
DA:33,3
DA:38,0
DA:39,0
DA:40,0
DA:41,0
DA:42,0
DA:43,0
DA:46,2
DA:47,1
DA:48,1
DA:49,1
DA:50,1
DA:51,2
DA:53,2
DA:54,12
LF:26
LH:20
end_of_record
SF:./lib\data\models\tv_detail_model.dart
DA:42,3
DA:75,3
DA:76,3
DA:78,2
DA:79,2
DA:80,2
DA:81,2
DA:82,2
DA:83,2
DA:84,2
DA:85,2
DA:86,2
DA:87,2
DA:88,2
DA:89,2
DA:90,2
DA:91,2
DA:92,2
DA:93,2
DA:94,2
DA:95,2
DA:96,2
DA:97,2
DA:98,2
DA:99,2
DA:100,2
DA:101,2
DA:102,2
DA:103,2
DA:104,2
DA:105,2
DA:106,2
DA:107,2
DA:108,2
DA:109,2
DA:110,2
DA:111,2
DA:114,1
DA:115,1
DA:116,1
DA:117,1
DA:118,1
DA:119,1
DA:120,1
DA:121,1
DA:122,1
DA:123,1
DA:135,3
DA:138,3
DA:139,3
DA:141,2
DA:143,14
DA:161,3
DA:175,3
DA:176,3
DA:177,2
DA:178,2
DA:179,2
DA:180,2
DA:181,2
DA:182,2
DA:183,2
DA:184,2
DA:185,2
DA:186,2
DA:187,2
DA:188,2
DA:189,2
DA:190,2
DA:191,2
DA:201,3
DA:202,3
DA:203,3
DA:204,2
DA:205,10
DA:214,3
DA:215,3
DA:216,3
DA:218,2
DA:219,10
DA:226,3
DA:227,3
DA:228,3
DA:229,2
DA:230,6
DA:243,3
DA:245,6
DA:247,2
DA:248,2
DA:249,2
DA:250,2
DA:251,2
DA:252,2
DA:253,2
DA:254,2
DA:255,2
DA:256,2
DA:265,3
DA:266,3
DA:267,3
DA:269,2
DA:270,8
LF:102
LH:102
end_of_record
SF:./lib\data\models\tv_detail_model.g.dart
DA:9,3
DA:10,3
DA:11,3
DA:12,3
DA:13,3
DA:14,9
DA:15,3
DA:16,3
DA:17,3
DA:18,3
DA:19,9
DA:20,3
DA:21,3
DA:22,6
DA:23,3
DA:24,12
DA:25,3
DA:26,3
DA:28,3
DA:29,3
DA:30,3
DA:31,3
DA:33,3
DA:34,3
DA:35,3
DA:36,9
DA:37,3
DA:38,6
DA:39,6
DA:40,3
DA:41,6
DA:42,3
DA:43,3
DA:44,3
DA:45,3
DA:46,6
DA:47,3
DA:48,3
DA:49,9
DA:50,3
DA:51,3
DA:52,9
DA:53,3
DA:54,3
DA:55,9
DA:56,3
DA:57,3
DA:58,9
DA:59,3
DA:60,3
DA:61,3
DA:62,3
DA:63,6
DA:64,6
DA:67,6
DA:68,6
DA:69,3
DA:70,3
DA:71,3
DA:72,6
DA:73,3
DA:76,6
DA:77,6
DA:78,3
DA:79,3
DA:80,6
DA:81,6
DA:82,3
DA:83,6
DA:84,3
DA:85,3
DA:86,6
DA:87,6
DA:88,6
DA:89,3
DA:92,6
DA:93,6
DA:94,3
DA:95,3
DA:96,3
DA:99,3
DA:101,3
DA:102,6
DA:103,3
DA:104,3
DA:105,3
DA:108,3
DA:110,3
DA:111,3
DA:112,3
DA:115,6
DA:116,3
DA:117,6
DA:118,6
DA:119,3
DA:120,3
DA:121,3
DA:122,6
DA:123,6
DA:126,3
DA:127,3
DA:128,3
DA:129,3
DA:130,3
LF:104
LH:104
end_of_record
SF:./lib\data\models\tv_model.dart
DA:24,3
DA:40,2
DA:41,2
DA:43,2
DA:44,1
DA:45,1
DA:46,1
DA:47,1
DA:48,1
DA:49,1
DA:50,1
DA:51,1
DA:52,1
DA:53,1
DA:54,1
DA:55,1
DA:56,1
DA:57,1
DA:59,2
DA:60,2
DA:61,2
DA:62,2
DA:63,2
DA:64,2
DA:65,2
DA:66,2
DA:67,2
DA:68,2
DA:69,2
DA:70,2
DA:71,2
DA:72,2
DA:73,2
DA:74,2
LF:34
LH:34
end_of_record
SF:./lib\data\models\tv_model.g.dart
DA:9,4
DA:10,2
DA:11,2
DA:12,2
DA:13,6
DA:14,2
DA:15,4
DA:16,2
DA:17,4
DA:18,2
DA:19,2
DA:20,2
DA:21,2
DA:22,4
DA:23,2
DA:24,2
DA:25,2
DA:26,4
DA:27,4
LF:19
LH:19
end_of_record
SF:./lib\data\models\tv_response.dart
DA:11,3
DA:13,2
DA:14,2
DA:16,2
DA:17,6
LF:5
LH:5
end_of_record
SF:./lib\data\models\tv_response.g.dart
DA:9,4
DA:10,4
DA:11,2
DA:12,6
DA:13,2
LF:5
LH:5
end_of_record
SF:./lib\data\models\tv_series_table.dart
DA:13,2
DA:15,2
DA:16,2
DA:17,2
DA:18,2
DA:19,2
DA:20,2
DA:21,6
DA:26,1
DA:27,1
DA:28,4
DA:30,1
DA:31,1
DA:32,1
DA:33,1
DA:34,1
DA:35,1
DA:36,1
DA:40,1
DA:41,1
DA:42,2
DA:43,1
DA:44,1
DA:45,1
DA:46,1
DA:49,2
DA:50,12
LF:27
LH:27
end_of_record
SF:./lib\domain\entities\genre.dart
DA:4,6
DA:12,1
DA:13,3
LF:3
LH:3
end_of_record
SF:./lib\domain\entities\movie.dart
DA:5,8
DA:19,8
DA:21,2
DA:43,3
DA:44,3
DA:45,3
DA:46,3
DA:47,3
DA:48,3
DA:49,3
DA:50,3
DA:51,3
DA:52,3
DA:53,3
DA:54,3
DA:55,3
DA:56,3
DA:57,3
DA:58,3
LF:19
LH:19
end_of_record
SF:./lib\domain\entities\movie_detail.dart
DA:5,6
DA:33,1
DA:34,1
DA:35,1
DA:36,1
DA:37,1
DA:38,1
DA:39,1
DA:40,1
DA:41,1
DA:42,1
DA:43,1
DA:44,1
DA:45,1
LF:14
LH:14
end_of_record
SF:./lib\domain\entities\tvseries.dart
DA:20,4
DA:35,4
DA:37,1
DA:44,1
DA:45,1
DA:46,1
DA:47,1
DA:48,1
DA:49,1
DA:50,1
DA:51,1
DA:52,1
DA:53,1
DA:54,1
DA:55,1
DA:56,1
DA:57,1
DA:58,1
DA:59,1
LF:19
LH:19
end_of_record
SF:./lib\common\failure.dart
DA:6,12
DA:8,3
DA:9,6
DA:13,14
DA:17,12
DA:21,10
LF:6
LH:6
end_of_record
SF:./lib\data\datasources\db\database_helper.dart
DA:10,0
DA:14,0
DA:18,0
DA:20,0
DA:27,0
DA:28,0
DA:29,0
DA:31,0
DA:35,0
DA:36,0
DA:47,0
DA:48,0
DA:49,0
DA:52,0
DA:53,0
DA:54,0
DA:55,0
DA:58,0
DA:59,0
DA:60,0
DA:63,0
DA:67,0
DA:68,0
DA:69,0
DA:72,0
DA:76,0
DA:77,0
DA:78,0
DA:81,0
DA:84,0
DA:85,0
DA:91,0
DA:92,0
DA:93,0
LF:34
LH:0
end_of_record
SF:./lib\data\datasources\movie_remote_data_source.dart
DA:24,1
DA:26,1
DA:29,3
DA:31,2
DA:32,4
DA:34,1
DA:38,1
DA:41,4
DA:43,2
DA:44,3
DA:46,1
DA:50,1
DA:52,1
DA:53,3
DA:55,2
DA:56,4
DA:58,1
DA:62,1
DA:65,3
DA:67,2
DA:68,4
DA:70,1
DA:74,1
DA:77,3
DA:79,2
DA:80,4
DA:82,1
DA:86,1
DA:88,1
DA:89,3
DA:91,2
DA:92,4
DA:94,1
LF:33
LH:33
end_of_record
SF:./lib\data\models\movie_detail_model.dart
DA:6,2
DA:52,1
DA:53,1
DA:54,1
DA:55,1
DA:56,1
DA:57,1
DA:58,4
DA:59,1
DA:60,1
DA:61,1
DA:62,1
DA:63,1
DA:64,1
DA:65,2
DA:66,1
DA:67,1
DA:68,1
DA:69,1
DA:70,1
DA:71,1
DA:72,1
DA:73,1
DA:74,2
DA:75,1
DA:78,0
DA:79,0
DA:80,0
DA:81,0
DA:82,0
DA:83,0
DA:84,0
DA:85,0
DA:86,0
DA:87,0
DA:88,0
DA:89,0
DA:90,0
DA:91,0
DA:92,0
DA:93,0
DA:94,0
DA:95,0
DA:96,0
DA:97,0
DA:98,0
DA:99,0
DA:102,1
DA:103,1
DA:104,1
DA:105,1
DA:106,5
DA:107,1
DA:108,1
DA:109,1
DA:110,1
DA:111,1
DA:112,1
DA:113,1
DA:114,1
DA:115,1
DA:119,1
DA:120,1
DA:121,1
DA:122,1
DA:123,1
DA:124,1
DA:125,1
DA:126,1
DA:127,1
DA:128,1
DA:129,1
DA:130,1
DA:131,1
DA:132,1
DA:133,1
DA:134,1
DA:135,1
DA:136,1
DA:137,1
DA:138,1
DA:139,1
DA:140,1
DA:141,1
LF:84
LH:62
end_of_record
SF:./lib\data\models\movie_model.dart
DA:5,4
DA:35,4
DA:36,2
DA:37,2
DA:38,8
DA:39,2
DA:40,2
DA:41,2
DA:42,4
DA:43,2
DA:44,2
DA:45,2
DA:46,2
DA:47,4
DA:48,2
DA:51,2
DA:52,1
DA:53,1
DA:54,4
DA:55,1
DA:56,1
DA:57,1
DA:58,1
DA:59,1
DA:60,1
DA:61,1
DA:62,1
DA:63,1
DA:64,1
DA:67,2
DA:68,2
DA:69,2
DA:70,2
DA:71,2
DA:72,2
DA:73,2
DA:74,2
DA:75,2
DA:76,2
DA:77,2
DA:78,2
DA:79,2
DA:80,2
DA:81,2
DA:85,2
DA:86,2
DA:87,2
DA:88,2
DA:89,2
DA:90,2
DA:91,2
DA:92,2
DA:93,2
DA:94,2
DA:95,2
DA:96,2
DA:97,2
DA:98,2
DA:99,2
LF:59
LH:59
end_of_record
SF:./lib\data\models\movie_response.dart
DA:7,2
DA:9,4
DA:10,4
DA:11,6
DA:12,6
DA:15,2
DA:16,5
DA:19,1
DA:20,2
LF:9
LH:9
end_of_record
SF:./lib\domain\entities\tv_series_detail.dart
DA:13,3
DA:23,2
DA:25,18
LF:3
LH:3
end_of_record
SF:./lib\data\datasources\tv_loacl_data_source.dart
DA:15,1
DA:16,1
DA:18,2
DA:20,1
DA:26,1
DA:28,2
DA:29,4
DA:32,1
DA:35,3
DA:36,2
DA:39,2
DA:43,1
DA:46,2
DA:49,2
LF:14
LH:14
end_of_record
SF:./lib\data\datasources\tv_series_remote_data_source.dart
DA:21,1
DA:25,1
DA:27,6
DA:28,2
DA:29,2
DA:30,3
DA:32,1
DA:36,1
DA:38,6
DA:39,2
DA:40,2
DA:41,3
DA:43,1
DA:47,1
DA:49,1
DA:50,5
DA:51,2
DA:52,2
DA:53,3
DA:55,0
DA:59,1
DA:60,1
DA:61,3
DA:62,2
DA:63,2
DA:64,3
DA:66,0
DA:70,1
DA:72,6
DA:73,2
DA:74,2
DA:75,3
DA:77,0
DA:81,1
DA:83,2
DA:84,6
DA:85,2
DA:86,4
DA:87,2
DA:88,3
DA:90,0
LF:41
LH:37
end_of_record
SF:./lib\data\models\tv_series_detail_recomendation.dart
DA:11,4
DA:13,4
DA:14,4
DA:16,2
DA:17,6
DA:37,4
DA:54,4
DA:55,4
DA:57,2
DA:58,6
DA:61,2
DA:62,2
DA:63,2
DA:64,2
DA:65,2
DA:66,2
DA:67,2
DA:68,2
DA:69,2
DA:70,2
DA:71,2
DA:72,2
DA:73,2
DA:74,2
DA:75,2
DA:76,2
DA:77,2
LF:27
LH:27
end_of_record
SF:./lib\data\models\tv_series_detail_recomendation.g.dart
DA:9,4
DA:11,4
DA:12,8
DA:13,4
DA:14,12
DA:16,4
DA:19,4
DA:21,4
DA:22,4
DA:23,4
DA:24,8
DA:25,4
DA:26,4
DA:27,4
DA:28,4
DA:29,4
DA:30,4
DA:31,4
DA:32,12
DA:33,4
DA:34,8
DA:35,4
DA:36,8
DA:37,8
DA:38,4
DA:39,8
DA:40,4
LF:27
LH:27
end_of_record
SF:./lib\domain\entities\tv_series_recomendation.dart
DA:6,2
DA:8,1
DA:9,3
LF:3
LH:3
end_of_record
SF:./lib\data\repositories\movie_repository_impl.dart
DA:17,1
DA:22,1
DA:25,2
DA:26,5
DA:27,1
DA:28,2
DA:29,1
DA:30,2
DA:34,1
DA:37,2
DA:38,2
DA:39,1
DA:40,2
DA:41,1
DA:42,2
DA:46,1
DA:49,2
DA:50,3
DA:51,1
DA:52,2
DA:53,1
DA:54,2
DA:58,1
DA:61,2
DA:62,5
DA:63,1
DA:64,2
DA:65,1
DA:66,2
DA:70,1
DA:73,2
DA:74,5
DA:75,1
DA:76,2
DA:77,1
DA:78,2
DA:82,1
DA:85,2
DA:86,5
DA:87,1
DA:88,2
DA:89,1
DA:90,2
DA:94,1
DA:98,3
DA:99,1
DA:100,1
DA:101,3
DA:107,1
DA:111,3
DA:112,1
DA:113,1
DA:114,3
DA:118,1
DA:120,2
DA:124,1
DA:126,2
DA:127,5
LF:58
LH:58
end_of_record
SF:./lib\data\repositories\tv_repositories_impl.dart
DA:17,1
DA:21,1
DA:24,2
DA:25,2
DA:26,1
DA:27,2
DA:29,1
DA:30,1
DA:31,2
DA:32,1
DA:33,2
DA:37,1
DA:40,2
DA:41,2
DA:42,1
DA:43,2
DA:44,1
DA:45,2
DA:49,1
DA:53,2
DA:54,3
DA:55,2
DA:56,1
DA:57,2
DA:59,1
DA:60,1
DA:61,2
DA:62,1
DA:63,2
DA:67,1
DA:70,2
DA:71,5
DA:72,1
DA:73,2
DA:74,1
DA:75,2
DA:79,0
DA:81,0
DA:85,0
DA:89,0
DA:90,0
DA:91,0
DA:92,0
DA:96,1
DA:100,3
DA:101,1
DA:102,1
DA:103,3
DA:109,0
DA:112,0
DA:113,0
DA:114,0
DA:115,0
DA:117,0
DA:118,0
DA:119,0
DA:120,0
DA:121,0
DA:125,1
DA:128,2
DA:129,2
DA:130,1
DA:131,2
DA:133,1
DA:134,0
DA:135,0
DA:136,0
DA:137,0
DA:141,1
DA:144,2
DA:145,2
DA:146,1
DA:147,2
DA:149,1
DA:150,0
DA:151,0
DA:152,0
DA:153,0
LF:78
LH:53
end_of_record
SF:./lib\domain\usecases\get_movie_detail.dart
DA:9,1
DA:11,1
DA:12,2
LF:3
LH:3
end_of_record
SF:./lib\domain\usecases\get_movie_recommendations.dart
DA:9,1
DA:11,1
DA:12,2
LF:3
LH:3
end_of_record
SF:./lib\domain\usecases\get_now_playing_movies.dart
DA:9,1
DA:11,1
DA:12,2
LF:3
LH:3
end_of_record
SF:./lib\domain\usecases\get_popular_movies.dart
DA:9,1
DA:11,1
DA:12,2
LF:3
LH:3
end_of_record
SF:./lib\domain\usecases\get_top_rated_movies.dart
DA:9,1
DA:11,1
DA:12,2
LF:3
LH:3
end_of_record
SF:./lib\domain\usecases\get_tv_series_detail.dart
DA:7,1
DA:10,1
DA:11,2
LF:3
LH:3
end_of_record
SF:./lib\domain\usecases\get_tv_series_recomendation.dart
DA:8,0
DA:10,0
DA:12,0
LF:3
LH:0
end_of_record
SF:./lib\domain\usecases\watchlisttvseries\get_watchlist_status.dart
DA:5,0
DA:7,0
DA:8,0
LF:3
LH:0
end_of_record
SF:./lib\domain\usecases\watchlisttvseries\remove_watchlist_tv.dart
DA:8,0
DA:10,0
DA:11,0
LF:3
LH:0
end_of_record
SF:./lib\domain\usecases\watchlisttvseries\save_watchlist_tv.dart
DA:8,0
DA:10,0
DA:11,0
LF:3
LH:0
end_of_record
SF:./lib\presentation\provider\tv_series_detail_notifier.dart
DA:14,2
DA:17,2
DA:20,2
DA:23,2
DA:26,2
DA:29,2
DA:32,2
DA:35,2
DA:38,2
DA:40,1
DA:52,1
DA:53,2
DA:54,1
DA:55,1
DA:58,1
DA:59,3
DA:60,2
DA:61,3
DA:63,1
DA:64,1
DA:65,2
DA:67,1
DA:68,1
DA:72,2
DA:75,1
DA:76,1
DA:77,1
DA:79,2
DA:80,1
DA:81,1
DA:82,1
DA:83,2
DA:85,1
DA:86,1
DA:87,1
DA:91,0
DA:92,0
DA:94,1
DA:98,1
DA:99,1
DA:100,1
DA:102,2
DA:103,2
DA:104,1
DA:105,1
DA:106,1
DA:107,2
DA:109,1
DA:110,1
DA:111,1
DA:115,0
DA:116,0
DA:118,1
DA:122,1
DA:123,4
DA:124,2
DA:126,1
DA:127,1
DA:128,1
DA:129,2
DA:130,1
DA:132,1
DA:133,1
DA:134,1
DA:135,1
DA:138,2
LF:66
LH:62
end_of_record
SF:./lib\domain\usecases\get_tv_on_airing.dart
DA:8,1
DA:9,1
DA:10,2
LF:3
LH:3
end_of_record
SF:./lib\domain\usecases\get_watchlist_movies.dart
DA:9,1
DA:11,1
DA:12,2
LF:3
LH:3
end_of_record
SF:./lib\domain\usecases\get_watchlist_status.dart
DA:6,1
DA:8,1
DA:9,2
LF:3
LH:3
end_of_record
SF:./lib\domain\usecases\remove_watchlist.dart
DA:9,1
DA:11,1
DA:12,2
LF:3
LH:3
end_of_record
SF:./lib\domain\usecases\save_watchlist.dart
DA:9,1
DA:11,1
DA:12,2
LF:3
LH:3
end_of_record
SF:./lib\domain\usecases\search_movies.dart
DA:9,1
DA:11,1
DA:12,2
LF:3
LH:3
end_of_record
SF:./lib\presentation\provider\movie_list_notifier.dart
DA:10,2
DA:13,2
DA:16,2
DA:19,2
DA:22,2
DA:25,2
DA:28,2
DA:30,1
DA:40,1
DA:41,1
DA:42,1
DA:44,2
DA:45,1
DA:46,1
DA:47,1
DA:48,2
DA:49,1
DA:51,1
DA:52,1
DA:53,1
DA:54,1
DA:59,1
DA:60,1
DA:61,1
DA:63,2
DA:64,1
DA:65,1
DA:66,1
DA:67,2
DA:68,1
DA:70,1
DA:71,1
DA:72,1
DA:73,1
DA:78,1
DA:79,1
DA:80,1
DA:82,2
DA:83,1
DA:84,1
DA:85,1
DA:86,2
DA:87,1
DA:89,1
DA:90,1
DA:91,1
DA:92,1
LF:47
LH:47
end_of_record
SF:./lib\presentation\provider\movie_detail_notifier.dart
DA:22,1
DA:31,2
DA:34,2
DA:37,2
DA:40,2
DA:43,2
DA:46,2
DA:48,1
DA:49,1
DA:50,1
DA:51,2
DA:52,2
DA:53,1
DA:54,1
DA:55,1
DA:56,2
DA:57,1
DA:59,1
DA:60,1
DA:61,1
DA:62,1
DA:63,1
DA:64,1
DA:65,1
DA:66,2
DA:68,1
DA:69,1
DA:70,1
DA:73,1
DA:74,1
DA:80,2
DA:82,1
DA:83,2
DA:85,1
DA:86,1
DA:87,2
DA:89,1
DA:90,1
DA:94,2
DA:97,1
DA:98,2
DA:100,1
DA:101,0
DA:102,0
DA:104,1
DA:105,1
DA:109,2
DA:112,1
DA:113,2
DA:114,1
DA:115,1
LF:51
LH:49
end_of_record
SF:./lib\common\constants.dart
DA:15,2
DA:16,1
DA:17,3
DA:19,0
DA:21,0
DA:25,0
DA:26,0
DA:27,0
DA:28,0
DA:29,0
DA:32,0
DA:33,0
LF:12
LH:3
end_of_record
SF:./lib\presentation\pages\movie_detail_page.dart
DA:16,1
DA:18,1
DA:19,1
DA:23,1
DA:25,1
DA:26,2
DA:27,2
DA:28,3
DA:29,2
DA:30,3
DA:34,1
DA:36,1
DA:37,1
DA:38,1
DA:39,2
DA:40,0
DA:41,0
DA:43,2
DA:44,1
DA:45,1
DA:46,1
DA:48,1
DA:49,1
DA:53,0
DA:66,1
DA:68,1
DA:70,3
DA:71,1
DA:72,1
DA:73,1
DA:74,3
DA:76,2
DA:77,1
DA:79,0
DA:81,1
DA:83,1
DA:84,1
DA:85,1
DA:86,1
DA:88,2
DA:95,1
DA:96,1
DA:97,1
DA:99,1
DA:101,1
DA:103,1
DA:104,1
DA:105,2
DA:106,1
DA:108,1
DA:109,0
DA:110,0
DA:111,0
DA:114,0
DA:116,0
DA:119,0
DA:123,0
DA:125,0
DA:127,0
DA:130,0
DA:133,0
DA:134,0
DA:136,0
DA:138,0
DA:139,0
DA:140,0
DA:145,1
DA:147,1
DA:148,1
DA:149,1
DA:150,1
DA:151,1
DA:155,1
DA:156,3
DA:158,1
DA:159,3
DA:161,1
DA:162,1
DA:163,1
DA:164,3
DA:166,2
DA:172,4
DA:175,1
DA:176,1
DA:178,1
DA:180,1
DA:181,2
DA:183,1
DA:184,1
DA:186,1
DA:188,1
DA:189,1
DA:190,2
DA:192,0
DA:193,0
DA:195,2
DA:197,0
DA:198,2
DA:200,1
DA:202,1
DA:204,0
DA:205,0
DA:206,0
DA:208,0
DA:209,0
DA:210,0
DA:213,0
DA:216,0
DA:217,0
DA:218,0
DA:220,0
DA:222,0
DA:223,0
DA:224,0
DA:226,0
DA:229,0
DA:230,0
DA:236,2
DA:240,0
DA:248,1
DA:250,1
DA:265,1
DA:267,1
DA:270,1
DA:271,1
DA:272,0
DA:273,0
DA:282,1
DA:284,2
DA:285,3
DA:288,1
DA:292,3
DA:295,1
DA:296,1
DA:297,1
DA:299,1
DA:300,1
DA:302,0
LF:138
LH:94
end_of_record
SF:./lib\presentation\provider\movie_search_notifier.dart
DA:9,1
DA:12,2
DA:15,2
DA:18,2
DA:20,1
DA:21,1
DA:22,1
DA:24,2
DA:25,1
DA:26,1
DA:27,2
DA:28,1
DA:29,1
DA:31,1
DA:32,1
DA:33,1
DA:34,1
LF:17
LH:17
end_of_record
SF:./lib\presentation\pages\popular_movies_page.dart
DA:10,1
DA:11,1
DA:15,1
DA:17,1
DA:18,2
DA:19,2
DA:20,1
DA:23,1
DA:25,1
DA:26,1
DA:27,1
DA:29,1
DA:31,1
DA:32,1
DA:33,2
DA:34,1
DA:35,1
DA:37,2
DA:38,1
DA:39,0
DA:40,0
DA:41,0
DA:43,2
DA:46,1
DA:47,1
DA:48,2
LF:26
LH:23
end_of_record
SF:./lib\presentation\provider\popular_movies_notifier.dart
DA:9,1
DA:12,2
DA:15,2
DA:18,2
DA:20,1
DA:21,1
DA:22,1
DA:24,2
DA:26,1
DA:27,1
DA:28,2
DA:29,1
DA:30,1
DA:32,1
DA:33,1
DA:34,1
DA:35,1
LF:17
LH:17
end_of_record
SF:./lib\presentation\widgets\movie_card_list.dart
DA:13,0
DA:15,0
DA:17,0
DA:19,0
DA:20,0
DA:21,0
DA:22,0
DA:23,0
DA:26,0
DA:29,0
DA:30,0
DA:33,0
DA:35,0
DA:36,0
DA:37,0
DA:43,0
DA:45,0
DA:46,0
DA:47,0
DA:50,0
DA:52,0
DA:53,0
DA:54,0
DA:58,0
DA:59,0
DA:60,0
DA:70,0
DA:75,0
DA:76,0
DA:77,0
DA:79,0
DA:80,0
DA:82,0
DA:84,0
LF:34
LH:0
end_of_record
SF:./lib\presentation\pages\tv_series_detail_page.dart
DA:12,0
DA:15,0
DA:16,0
DA:20,0
DA:22,0
DA:23,0
DA:24,0
DA:25,0
DA:26,0
DA:27,0
DA:28,0
DA:29,0
DA:30,0
DA:35,0
DA:37,0
DA:38,0
DA:39,0
DA:40,0
DA:41,0
DA:42,0
DA:43,0
DA:44,0
DA:46,0
DA:47,0
DA:48,0
DA:49,0
DA:51,0
DA:52,0
DA:53,0
DA:54,0
DA:55,0
DA:56,0
DA:58,0
DA:59,0
DA:61,0
DA:62,0
DA:63,0
DA:64,0
DA:69,0
DA:73,0
DA:74,0
DA:76,0
DA:77,0
DA:78,0
DA:80,0
DA:81,0
DA:82,0
DA:83,0
DA:84,0
DA:85,0
DA:87,0
DA:88,0
DA:90,0
DA:92,0
DA:93,0
DA:94,0
DA:95,0
DA:97,0
DA:101,0
DA:102,0
DA:103,0
DA:104,0
DA:106,0
DA:107,0
DA:108,0
DA:109,0
DA:110,0
DA:112,0
DA:113,0
DA:116,0
DA:118,0
DA:119,0
DA:122,0
DA:125,0
DA:126,0
DA:127,0
DA:129,0
DA:134,0
DA:136,0
DA:139,0
DA:142,0
DA:144,0
DA:146,0
DA:148,0
DA:149,0
DA:152,0
DA:154,0
DA:156,0
DA:158,0
DA:160,0
DA:164,0
DA:166,0
DA:167,0
DA:170,0
DA:171,0
DA:175,0
DA:176,0
DA:178,0
DA:179,0
DA:180,0
DA:182,0
DA:184,0
DA:185,0
DA:186,0
DA:191,0
DA:192,0
DA:193,0
DA:198,0
DA:200,0
DA:201,0
DA:204,0
DA:207,0
DA:209,0
DA:211,0
DA:217,0
DA:222,0
DA:223,0
DA:240,0
DA:241,0
DA:242,0
LF:120
LH:0
end_of_record
SF:./lib\presentation\pages\top_rated_movies_page.dart
DA:10,1
DA:11,1
DA:15,1
DA:17,1
DA:18,2
DA:19,2
DA:20,1
DA:23,1
DA:25,1
DA:26,1
DA:27,1
DA:29,1
DA:31,1
DA:32,1
DA:33,2
DA:34,1
DA:35,1
DA:37,2
DA:38,1
DA:39,0
DA:40,0
DA:41,0
DA:43,2
DA:46,1
DA:47,1
DA:48,2
LF:26
LH:23
end_of_record
SF:./lib\presentation\provider\top_rated_movies_notifier.dart
DA:9,1
DA:12,2
DA:15,2
DA:18,2
DA:20,1
DA:21,1
DA:22,1
DA:24,2
DA:26,1
DA:27,1
DA:28,2
DA:29,1
DA:30,1
DA:32,1
DA:33,1
DA:34,1
DA:35,1
LF:17
LH:17
end_of_record
SF:./lib\presentation\provider\tv_list_notifier.dart
DA:8,2
DA:11,2
DA:14,2
DA:15,1
DA:18,1
DA:19,1
DA:20,1
DA:22,2
DA:23,1
DA:24,1
DA:25,1
DA:26,2
DA:28,1
DA:29,1
DA:30,1
DA:34,0
DA:35,0
DA:37,1
LF:18
LH:16
end_of_record
SF:./lib\domain\usecases\get_popular_tv.dart
DA:8,0
DA:10,0
DA:11,0
LF:3
LH:0
end_of_record
SF:./lib\presentation\provider\tv_popular_notifier.dart
DA:8,2
DA:11,2
DA:14,2
DA:15,1
DA:18,1
DA:19,1
DA:20,1
DA:22,2
DA:23,1
DA:24,1
DA:25,1
DA:26,2
DA:28,1
DA:29,1
DA:30,1
DA:34,0
DA:35,0
DA:37,1
LF:18
LH:16
end_of_record
SF:./lib\domain\usecases\get_top_rated_tv.dart
DA:9,0
DA:11,0
DA:12,0
DA:13,0
LF:4
LH:0
end_of_record
SF:./lib\presentation\provider\tv_top_rated_notifier.dart
DA:8,2
DA:11,2
DA:14,2
DA:15,1
DA:18,1
DA:19,1
DA:20,1
DA:22,2
DA:23,1
DA:24,1
DA:25,1
DA:26,2
DA:28,1
DA:29,1
DA:30,1
DA:34,0
DA:35,0
DA:37,1
LF:18
LH:16
end_of_record
SF:./lib\presentation\provider\watchlist_movie_notifier.dart
DA:9,2
DA:12,2
DA:15,2
DA:17,1
DA:21,1
DA:22,1
DA:23,1
DA:25,2
DA:26,1
DA:27,1
DA:28,1
DA:29,2
DA:30,1
DA:32,1
DA:33,1
DA:34,3
DA:35,1
DA:36,1
DA:40,0
LF:19
LH:18
end_of_record
